"E:\Software\Clion\CLion 2023.2.1\bin\cmake\win\x64\bin\cmake.exe" -DCMAKE_BUILD_TYPE=Debug "-DCMAKE_MAKE_PROGRAM=E:/Software/Clion/CLion 2023.2.1/bin/ninja/win/x64/ninja.exe" -DCMAKE_C_COMPILER=E:/Software/Toolchains/gcc-arm-none-eabi-10.3-2021.10/bin/arm-none-eabi-gcc.exe -DCMAKE_CXX_COMPILER=E:/Software/Toolchains/gcc-arm-none-eabi-10.3-2021.10/bin/arm-none-eabi-g++.exe -G Ninja -S E:\Project\Git\git_test -B E:\Project\Git\git_test\cmake-build-debug
-- The C compiler identification is GNU 10.3.1
-- Detecting C compiler ABI info
-- Detecting C compiler ABI info - failed
-- Check for working C compiler: E:/Software/Toolchains/gcc-arm-none-eabi-10.3-2021.10/bin/arm-none-eabi-gcc.exe
-- Check for working C compiler: E:/Software/Toolchains/gcc-arm-none-eabi-10.3-2021.10/bin/arm-none-eabi-gcc.exe - broken
CMake Error at E:/Software/Clion/CLion 2023.2.1/bin/cmake/win/x64/share/cmake-3.26/Modules/CMakeTestCCompiler.cmake:67 (message):
  The C compiler

    "E:/Software/Toolchains/gcc-arm-none-eabi-10.3-2021.10/bin/arm-none-eabi-gcc.exe"

  is not able to compile a simple test program.

  It fails with the following output:

    Change Dir: E:/Project/Git/git_test/cmake-build-debug/CMakeFiles/CMakeScratch/TryCompile-7xmf4d
    
    Run Build Command(s):E:/Software/Clion/CLion 2023.2.1/bin/ninja/win/x64/ninja.exe -v cmTC_f95ca && [1/2] E:\Software\Toolchains\gcc-arm-none-eabi-10.3-2021.10\bin\arm-none-eabi-gcc.exe   -fdiagnostics-color=always -o CMakeFiles/cmTC_f95ca.dir/testCCompiler.c.obj -c E:/Project/Git/git_test/cmake-build-debug/CMakeFiles/CMakeScratch/TryCompile-7xmf4d/testCCompiler.c
    [2/2] cmd.exe /C "cd . && E:\Software\Toolchains\gcc-arm-none-eabi-10.3-2021.10\bin\arm-none-eabi-gcc.exe   CMakeFiles/cmTC_f95ca.dir/testCCompiler.c.obj -o cmTC_f95ca.exe -Wl,--out-implib,libcmTC_f95ca.dll.a -Wl,--major-image-version,0,--minor-image-version,0  -lkernel32 -luser32 -lgdi32 -lwinspool -lshell32 -lole32 -loleaut32 -luuid -lcomdlg32 -ladvapi32 && cd ."
    FAILED: cmTC_f95ca.exe 
    cmd.exe /C "cd . && E:\Software\Toolchains\gcc-arm-none-eabi-10.3-2021.10\bin\arm-none-eabi-gcc.exe   CMakeFiles/cmTC_f95ca.dir/testCCompiler.c.obj -o cmTC_f95ca.exe -Wl,--out-implib,libcmTC_f95ca.dll.a -Wl,--major-image-version,0,--minor-image-version,0  -lkernel32 -luser32 -lgdi32 -lwinspool -lshell32 -lole32 -loleaut32 -luuid -lcomdlg32 -ladvapi32 && cd ."
    e:/software/toolchains/gcc-arm-none-eabi-10.3-2021.10/bin/../lib/gcc/arm-none-eabi/10.3.1/../../../../arm-none-eabi/bin/ld.exe: unrecognized option '--major-image-version'
    e:/software/toolchains/gcc-arm-none-eabi-10.3-2021.10/bin/../lib/gcc/arm-none-eabi/10.3.1/../../../../arm-none-eabi/bin/ld.exe: use the --help option for usage information
    collect2.exe: error: ld returned 1 exit status
    ninja: build stopped: subcommand failed.
    
    

  

  CMake will not be able to correctly generate this project.
Call Stack (most recent call first):
  CMakeLists.txt:2 (project)


-- Configuring incomplete, errors occurred!
